<?xml version="1.0" encoding="UTF-8"?>
<!-- Generated by org.testng.reporters.JUnitReportReporter -->
<testsuite skipped="0" hostname="WPUOT4U50WLW" name="JD_OrangeHRM_Maven.JD_OrangeHRM_Maven.Orange_Login_Test" tests="2" failures="0" timestamp="19 Feb 2021 06:38:56 GMT" time="21.078" errors="0">
  <testcase name="Login" time="17.439" classname="JD_OrangeHRM_Maven.JD_OrangeHRM_Maven.Orange_Login_Test"/>
  <testcase name="Logout" time="3.639" classname="JD_OrangeHRM_Maven.JD_OrangeHRM_Maven.Orange_Login_Test"/>
</testsuite> <!-- JD_OrangeHRM_Maven.JD_OrangeHRM_Maven.Orange_Login_Test -->
