<?xml version="1.0" encoding="UTF-8"?>
<!-- Generated by org.testng.reporters.JUnitReportReporter -->
<testsuite skipped="0" hostname="WPUOT4U50WLW" name="com.SingleExtentReportExample.Orange_Login_Test" tests="2" failures="0" timestamp="03 Mar 2021 07:25:59 GMT" time="22.451" errors="0">
  <testcase name="Login" time="18.735" classname="com.SingleExtentReportExample.Orange_Login_Test"/>
  <testcase name="Logout" time="3.716" classname="com.SingleExtentReportExample.Orange_Login_Test"/>
</testsuite> <!-- com.SingleExtentReportExample.Orange_Login_Test -->
