<?xml version="1.0" encoding="UTF-8"?>
<!-- Generated by org.testng.reporters.JUnitReportReporter -->
<testsuite skipped="0" hostname="WPUOT4U50WLW" name="com.OrangeHRM.Login_HDFC" tests="1" failures="0" timestamp="25 Feb 2021 05:21:11 GMT" time="10.042" errors="0">
  <testcase name="Login_HDFC_Test" time="10.042" classname="com.OrangeHRM.Login_HDFC"/>
</testsuite> <!-- com.OrangeHRM.Login_HDFC -->
