<?xml version="1.0" encoding="UTF-8"?>
<!-- Generated by org.testng.reporters.JUnitReportReporter -->
<testsuite skipped="0" hostname="WPUOT4U50WLW" name="com.SingleExtentReportExample.Drag_Drop_Test" tests="1" failures="0" timestamp="01 Mar 2021 06:26:14 GMT" time="8.348" errors="0">
  <testcase name="DragTest" time="8.348" classname="com.SingleExtentReportExample.Drag_Drop_Test"/>
</testsuite> <!-- com.SingleExtentReportExample.Drag_Drop_Test -->
