<?xml version="1.0" encoding="UTF-8"?>
<!-- Generated by org.testng.reporters.JUnitReportReporter -->
<testsuite skipped="0" hostname="WPUOT4U50WLW" name="JD_OrangeHRM_Maven.JD_OrangeHRM_Maven.Add_Search_Delete_User" tests="5" failures="0" timestamp="23 Feb 2021 05:54:18 GMT" time="151.062" errors="0">
  <testcase name="Login" time="117.037" classname="JD_OrangeHRM_Maven.JD_OrangeHRM_Maven.Add_Search_Delete_User"/>
  <testcase name="AddUser" time="20.640" classname="JD_OrangeHRM_Maven.JD_OrangeHRM_Maven.Add_Search_Delete_User"/>
  <testcase name="SearchUser" time="5.368" classname="JD_OrangeHRM_Maven.JD_OrangeHRM_Maven.Add_Search_Delete_User"/>
  <testcase name="DeleteUser" time="5.536" classname="JD_OrangeHRM_Maven.JD_OrangeHRM_Maven.Add_Search_Delete_User"/>
  <testcase name="Logout" time="2.481" classname="JD_OrangeHRM_Maven.JD_OrangeHRM_Maven.Add_Search_Delete_User"/>
</testsuite> <!-- JD_OrangeHRM_Maven.JD_OrangeHRM_Maven.Add_Search_Delete_User -->
