<?xml version="1.0" encoding="UTF-8"?>
<!-- Generated by org.testng.reporters.JUnitReportReporter -->
<testsuite skipped="0" hostname="WPUOT4U50WLW" name="com.OrangeHRM.HTTPAuth_Test" tests="1" failures="0" timestamp="26 Feb 2021 04:44:57 GMT" time="37.506" errors="0">
  <testcase name="HTTPAuth" time="37.506" classname="com.OrangeHRM.HTTPAuth_Test"/>
</testsuite> <!-- com.OrangeHRM.HTTPAuth_Test -->
