<?xml version="1.0" encoding="UTF-8"?>
<!-- Generated by org.testng.reporters.JUnitReportReporter -->
<testsuite skipped="0" hostname="WPUOT4U50WLW" name="com.OrangeHRM.DataProvider_OrangeHRM_All_Scenario" tests="5" failures="0" timestamp="24 Feb 2021 08:20:06 GMT" time="19.510" errors="0">
  <testcase name="LoginToOrangeHRM" time="1.521" classname="com.OrangeHRM.DataProvider_OrangeHRM_All_Scenario"/>
  <testcase name="LoginToOrangeHRM" time="9.048" classname="com.OrangeHRM.DataProvider_OrangeHRM_All_Scenario"/>
  <testcase name="LoginToOrangeHRM" time="7.548" classname="com.OrangeHRM.DataProvider_OrangeHRM_All_Scenario"/>
  <testcase name="LoginToOrangeHRM" time="0.251" classname="com.OrangeHRM.DataProvider_OrangeHRM_All_Scenario"/>
  <testcase name="LoginToOrangeHRM" time="1.142" classname="com.OrangeHRM.DataProvider_OrangeHRM_All_Scenario"/>
</testsuite> <!-- com.OrangeHRM.DataProvider_OrangeHRM_All_Scenario -->
