<?xml version="1.0" encoding="UTF-8"?>
<!-- Generated by org.testng.reporters.JUnitReportReporter -->
<testsuite skipped="0" hostname="WPUOT4U50WLW" name="com.OrangeHRM.Sikuli_Example" tests="1" failures="0" timestamp="02 Mar 2021 05:25:46 GMT" time="41.170" errors="0">
  <testcase name="fileUploadUsingSikuli" time="41.170" classname="com.OrangeHRM.Sikuli_Example"/>
</testsuite> <!-- com.OrangeHRM.Sikuli_Example -->
