<?xml version="1.0" encoding="UTF-8"?>
<!-- Generated by org.testng.reporters.JUnitReportReporter -->
<testsuite skipped="0" hostname="WPUOT4U50WLW" name="JD_OrangeHRM_Maven.JD_OrangeHRM_Maven.Windchill_Test" tests="1" failures="0" timestamp="24 Feb 2021 03:37:39 GMT" time="88.671" errors="0">
  <testcase name="OpenInCreoView" time="88.671" classname="JD_OrangeHRM_Maven.JD_OrangeHRM_Maven.Windchill_Test"/>
</testsuite> <!-- JD_OrangeHRM_Maven.JD_OrangeHRM_Maven.Windchill_Test -->
