<?xml version="1.0" encoding="UTF-8"?>
<!-- Generated by org.testng.reporters.JUnitReportReporter -->
<testsuite skipped="0" hostname="WPUOT4U50WLW" name="com.OrangeHRM.Windchill_Test" tests="1" failures="0" timestamp="02 Mar 2021 05:52:46 GMT" time="46.657" errors="0">
  <testcase name="OpenInCreoView" time="46.657" classname="com.OrangeHRM.Windchill_Test"/>
</testsuite> <!-- com.OrangeHRM.Windchill_Test -->
