<?xml version="1.0" encoding="UTF-8"?>
<!-- Generated by org.testng.reporters.JUnitReportReporter -->
<testsuite skipped="0" hostname="WPUOT4U50WLW" name="JD_OrangeHRM_Maven.JD_OrangeHRM_Maven.Mobile_Test_OrangeHRM" tests="2" failures="0" timestamp="23 Feb 2021 06:54:31 GMT" time="20.139" errors="0">
  <testcase name="Login" time="18.011" classname="JD_OrangeHRM_Maven.JD_OrangeHRM_Maven.Mobile_Test_OrangeHRM"/>
  <testcase name="Logout" time="2.128" classname="JD_OrangeHRM_Maven.JD_OrangeHRM_Maven.Mobile_Test_OrangeHRM"/>
</testsuite> <!-- JD_OrangeHRM_Maven.JD_OrangeHRM_Maven.Mobile_Test_OrangeHRM -->
