<?xml version="1.0" encoding="UTF-8"?>
<!-- Generated by org.testng.reporters.JUnitReportReporter -->
<testsuite skipped="0" hostname="WPUOT4U50WLW" name="com.OrangeHRM.ScreenShot_OrangeHRM" tests="2" failures="0" timestamp="26 Feb 2021 06:54:27 GMT" time="34.223" errors="0">
  <testcase name="Logout" time="2.333" classname="com.OrangeHRM.ScreenShot_OrangeHRM"/>
  <testcase name="Login" time="31.890" classname="com.OrangeHRM.ScreenShot_OrangeHRM"/>
</testsuite> <!-- com.OrangeHRM.ScreenShot_OrangeHRM -->
