<?xml version="1.0" encoding="UTF-8"?>
<!-- Generated by org.testng.reporters.JUnitReportReporter -->
<testsuite skipped="0" hostname="WPUOT4U50WLW" name="com.OrangeHRM.SSLCertificate_Accept_Test" tests="1" failures="0" timestamp="25 Feb 2021 06:49:59 GMT" time="46.420" errors="0">
  <testcase name="openApplication" time="46.420" classname="com.OrangeHRM.SSLCertificate_Accept_Test"/>
</testsuite> <!-- com.OrangeHRM.SSLCertificate_Accept_Test -->
