<?xml version="1.0" encoding="UTF-8"?>
<!-- Generated by org.testng.reporters.JUnitReportReporter -->
<testsuite skipped="0" hostname="WPUOT4U50WLW" name="com.OrangeHRM.Read_PropertyFile_OrangeHRM" tests="1" failures="0" timestamp="26 Feb 2021 06:28:41 GMT" time="25.088" errors="0">
  <testcase name="Login" time="25.088" classname="com.OrangeHRM.Read_PropertyFile_OrangeHRM"/>
</testsuite> <!-- com.OrangeHRM.Read_PropertyFile_OrangeHRM -->
