<?xml version="1.0" encoding="UTF-8"?>
<!-- Generated by org.testng.reporters.JUnitReportReporter -->
<testsuite skipped="0" hostname="WPUOT4U50WLW" name="JD_OrangeHRM_Maven.JD_OrangeHRM_Maven.Orange_Login_Implicit_Wait" tests="2" failures="0" timestamp="19 Feb 2021 07:23:57 GMT" time="16.677" errors="0">
  <testcase name="Login" time="15.078" classname="JD_OrangeHRM_Maven.JD_OrangeHRM_Maven.Orange_Login_Implicit_Wait"/>
  <testcase name="Logout" time="1.599" classname="JD_OrangeHRM_Maven.JD_OrangeHRM_Maven.Orange_Login_Implicit_Wait"/>
</testsuite> <!-- JD_OrangeHRM_Maven.JD_OrangeHRM_Maven.Orange_Login_Implicit_Wait -->
