<?xml version="1.0" encoding="UTF-8"?>
<!-- Generated by org.testng.reporters.JUnitReportReporter -->
<testsuite skipped="0" hostname="WPUOT4U50WLW" name="com.OrangeHRM.SmokeTestSuite" tests="1" failures="0" timestamp="03 Mar 2021 06:09:17 GMT" time="0.006" errors="0">
  <testcase name="Test" time="0.006" classname="com.OrangeHRM.SmokeTestSuite"/>
</testsuite> <!-- com.OrangeHRM.SmokeTestSuite -->
