<?xml version="1.0" encoding="UTF-8"?>
<!-- Generated by org.testng.reporters.JUnitReportReporter -->
<testsuite skipped="0" hostname="WPUOT4U50WLW" name="JD_OrangeHRM_Maven.JD_OrangeHRM_Maven.Add_Search_Delete_User_from_webtable" tests="4" failures="0" timestamp="24 Feb 2021 04:15:31 GMT" time="40.237" errors="0">
  <testcase name="Login" time="17.135" classname="JD_OrangeHRM_Maven.JD_OrangeHRM_Maven.Add_Search_Delete_User_from_webtable"/>
  <testcase name="AddUser" time="15.389" classname="JD_OrangeHRM_Maven.JD_OrangeHRM_Maven.Add_Search_Delete_User_from_webtable"/>
  <testcase name="DeleteUser" time="5.600" classname="JD_OrangeHRM_Maven.JD_OrangeHRM_Maven.Add_Search_Delete_User_from_webtable"/>
  <testcase name="Logout" time="2.113" classname="JD_OrangeHRM_Maven.JD_OrangeHRM_Maven.Add_Search_Delete_User_from_webtable"/>
</testsuite> <!-- JD_OrangeHRM_Maven.JD_OrangeHRM_Maven.Add_Search_Delete_User_from_webtable -->
