<?xml version="1.0" encoding="UTF-8"?>
<!-- Generated by org.testng.reporters.JUnitReportReporter -->
<testsuite skipped="0" hostname="WPUOT4U50WLW" name="com.OrangeHRM.Drag_Drop_Test" tests="1" failures="0" timestamp="25 Feb 2021 05:21:11 GMT" time="8.357" errors="0">
  <testcase name="DragTest" time="8.357" classname="com.OrangeHRM.Drag_Drop_Test"/>
</testsuite> <!-- com.OrangeHRM.Drag_Drop_Test -->
