<?xml version="1.0" encoding="UTF-8"?>
<!-- Generated by org.testng.reporters.JUnitReportReporter -->
<testsuite skipped="0" hostname="WPUOT4U50WLW" name="com.OrangeHRM.KeyOperation_OrangeHRM" tests="1" failures="0" timestamp="25 Feb 2021 04:44:32 GMT" time="19.795" errors="0">
  <testcase name="Login" time="19.795" classname="com.OrangeHRM.KeyOperation_OrangeHRM"/>
</testsuite> <!-- com.OrangeHRM.KeyOperation_OrangeHRM -->
