<?xml version="1.0" encoding="UTF-8"?>
<!-- Generated by org.testng.reporters.JUnitReportReporter -->
<testsuite skipped="0" hostname="WPUOT4U50WLW" name="com.OrangeHRM.ExtentReport_Example" tests="2" failures="0" timestamp="26 Feb 2021 07:24:59 GMT" time="41.306" errors="0">
  <testcase name="LaunchApplication" time="2.277" classname="com.OrangeHRM.ExtentReport_Example"/>
  <testcase name="Sign_On" time="39.029" classname="com.OrangeHRM.ExtentReport_Example"/>
</testsuite> <!-- com.OrangeHRM.ExtentReport_Example -->
