<?xml version="1.0" encoding="UTF-8"?>
<!-- Generated by org.testng.reporters.JUnitReportReporter -->
<testsuite skipped="0" hostname="WPUOT4U50WLW" name="com.OrangeHRM.FromExcel_OrangeHRM_Test" tests="1" failures="0" timestamp="25 Feb 2021 11:52:05 GMT" time="9.787" errors="0">
  <testcase name="Sign_On" time="9.787" classname="com.OrangeHRM.FromExcel_OrangeHRM_Test"/>
</testsuite> <!-- com.OrangeHRM.FromExcel_OrangeHRM_Test -->
