<?xml version="1.0" encoding="UTF-8"?>
<!-- Generated by org.testng.reporters.JUnitReportReporter -->
<testsuite skipped="0" hostname="WPUOT4U50WLW" name="com.JavascriptExample.Scroll_Down_Page_Example" tests="1" failures="0" timestamp="01 Mar 2021 07:43:26 GMT" time="50.582" errors="0">
  <testcase name="ByPage" time="50.582" classname="com.JavascriptExample.Scroll_Down_Page_Example"/>
</testsuite> <!-- com.JavascriptExample.Scroll_Down_Page_Example -->
