<?xml version="1.0" encoding="UTF-8"?>
<!-- Generated by org.testng.reporters.JUnitReportReporter -->
<testsuite skipped="0" hostname="WPUOT4U50WLW" name="JD_OrangeHRM_Maven.JD_OrangeHRM_Maven.MouseHoverTest" tests="2" failures="0" timestamp="22 Feb 2021 07:13:16 GMT" time="99.533" errors="0">
  <testcase name="f" time="0.002" classname="JD_OrangeHRM_Maven.JD_OrangeHRM_Maven.MouseHoverTest"/>
  <testcase name="Login" time="99.531" classname="JD_OrangeHRM_Maven.JD_OrangeHRM_Maven.MouseHoverTest"/>
</testsuite> <!-- JD_OrangeHRM_Maven.JD_OrangeHRM_Maven.MouseHoverTest -->
