<?xml version="1.0" encoding="UTF-8"?>
<!-- Generated by org.testng.reporters.JUnitReportReporter -->
<testsuite skipped="0" hostname="WPUOT4U50WLW" name="JD_OrangeHRM_Maven.JD_OrangeHRM_Maven.Login_HDFC_Alert" tests="1" failures="0" timestamp="22 Feb 2021 05:22:06 GMT" time="2.223" errors="0">
  <testcase name="Login_Test" time="2.223" classname="JD_OrangeHRM_Maven.JD_OrangeHRM_Maven.Login_HDFC_Alert"/>
</testsuite> <!-- JD_OrangeHRM_Maven.JD_OrangeHRM_Maven.Login_HDFC_Alert -->
