<?xml version="1.0" encoding="UTF-8"?>
<!-- Generated by org.testng.reporters.JUnitReportReporter -->
<testsuite skipped="0" hostname="WPUOT4U50WLW" name="com.OrangeHRM.SmokeTestSuite" tests="1" failures="0" timestamp="25 Feb 2021 05:21:11 GMT" time="0.007" errors="0">
  <testcase name="Test" time="0.007" classname="com.OrangeHRM.SmokeTestSuite"/>
</testsuite> <!-- com.OrangeHRM.SmokeTestSuite -->
