<?xml version="1.0" encoding="UTF-8"?>
<!-- Generated by org.testng.reporters.JUnitReportReporter -->
<testsuite skipped="0" hostname="WPUOT4U50WLW" name="com.OrangeHRM.HandleProxy_Test" tests="1" failures="0" timestamp="26 Feb 2021 05:16:24 GMT" time="47.339" errors="0">
  <testcase name="HTTPAuth" time="47.339" classname="com.OrangeHRM.HandleProxy_Test"/>
</testsuite> <!-- com.OrangeHRM.HandleProxy_Test -->
