<?xml version="1.0" encoding="UTF-8"?>
<!-- Generated by org.testng.reporters.JUnitReportReporter -->
<testsuite skipped="0" hostname="WPUOT4U50WLW" name="com.OrangeHRM.ExtentReport_Test" tests="2" failures="0" timestamp="01 Mar 2021 04:58:38 GMT" time="38.402" errors="0">
  <testcase name="LaunchBrowser" time="2.694" classname="com.OrangeHRM.ExtentReport_Test"/>
  <testcase name="OrangeHRM_Login" time="35.708" classname="com.OrangeHRM.ExtentReport_Test"/>
</testsuite> <!-- com.OrangeHRM.ExtentReport_Test -->
